

Started GET "/" for ::1 at 2016-09-28 15:15:12 -0700

SyntaxError (/Users/brandimilligan/Dropbox/ada/wk8/TaskListRails/app/controllers/tasks_controller.rb:43: Invalid octal digit
...atus: true, completion_date: 09/15/2016}, {id: 3, title: "ca...
...                               ^
/Users/brandimilligan/Dropbox/ada/wk8/TaskListRails/app/controllers/tasks_controller.rb:46: syntax error, unexpected end-of-input, expecting keyword_end):
  app/controllers/tasks_controller.rb:43: Invalid octal digit
  app/controllers/tasks_controller.rb:46: syntax error, unexpected end-of-input, expecting keyword_end


  Rendered /Users/brandimilligan/.rvm/gems/ruby-2.3.0@rails_gemset/gems/actionpack-4.2.7/lib/action_dispatch/middleware/templates/rescues/_source.erb (7.6ms)
  Rendered /Users/brandimilligan/.rvm/gems/ruby-2.3.0@rails_gemset/gems/actionpack-4.2.7/lib/action_dispatch/middleware/templates/rescues/_trace.html.erb (3.8ms)
  Rendered /Users/brandimilligan/.rvm/gems/ruby-2.3.0@rails_gemset/gems/actionpack-4.2.7/lib/action_dispatch/middleware/templates/rescues/_request_and_response.html.erb (19.3ms)
  Rendered /Users/brandimilligan/.rvm/gems/ruby-2.3.0@rails_gemset/gems/actionpack-4.2.7/lib/action_dispatch/middleware/templates/rescues/diagnostics.html.erb within rescues/layout (165.3ms)
  Rendered /Users/brandimilligan/.rvm/gems/ruby-2.3.0@rails_gemset/gems/web-console-2.3.0/lib/web_console/templates/_markup.html.erb (0.7ms)
  Rendered /Users/brandimilligan/.rvm/gems/ruby-2.3.0@rails_gemset/gems/web-console-2.3.0/lib/web_console/templates/_inner_console_markup.html.erb within layouts/inlined_string (0.7ms)
  Rendered /Users/brandimilligan/.rvm/gems/ruby-2.3.0@rails_gemset/gems/web-console-2.3.0/lib/web_console/templates/_prompt_box_markup.html.erb within layouts/inlined_string (0.6ms)
  Rendered /Users/brandimilligan/.rvm/gems/ruby-2.3.0@rails_gemset/gems/web-console-2.3.0/lib/web_console/templates/style.css.erb within layouts/inlined_string (0.6ms)
  Rendered /Users/brandimilligan/.rvm/gems/ruby-2.3.0@rails_gemset/gems/web-console-2.3.0/lib/web_console/templates/console.js.erb within layouts/javascript (136.3ms)
  Rendered /Users/brandimilligan/.rvm/gems/ruby-2.3.0@rails_gemset/gems/web-console-2.3.0/lib/web_console/templates/main.js.erb within layouts/javascript (0.5ms)
  Rendered /Users/brandimilligan/.rvm/gems/ruby-2.3.0@rails_gemset/gems/web-console-2.3.0/lib/web_console/templates/error_page.js.erb within layouts/javascript (0.7ms)
  Rendered /Users/brandimilligan/.rvm/gems/ruby-2.3.0@rails_gemset/gems/web-console-2.3.0/lib/web_console/templates/index.html.erb (296.7ms)


Started GET "/" for ::1 at 2016-09-28 15:16:16 -0700

SyntaxError (/Users/brandimilligan/Dropbox/ada/wk8/TaskListRails/app/controllers/tasks_controller.rb:46: syntax error, unexpected end-of-input, expecting keyword_end):
  app/controllers/tasks_controller.rb:46: syntax error, unexpected end-of-input, expecting keyword_end


  Rendered /Users/brandimilligan/.rvm/gems/ruby-2.3.0@rails_gemset/gems/actionpack-4.2.7/lib/action_dispatch/middleware/templates/rescues/_source.erb (8.7ms)
  Rendered /Users/brandimilligan/.rvm/gems/ruby-2.3.0@rails_gemset/gems/actionpack-4.2.7/lib/action_dispatch/middleware/templates/rescues/_trace.html.erb (3.6ms)
  Rendered /Users/brandimilligan/.rvm/gems/ruby-2.3.0@rails_gemset/gems/actionpack-4.2.7/lib/action_dispatch/middleware/templates/rescues/_request_and_response.html.erb (2.4ms)
  Rendered /Users/brandimilligan/.rvm/gems/ruby-2.3.0@rails_gemset/gems/actionpack-4.2.7/lib/action_dispatch/middleware/templates/rescues/diagnostics.html.erb within rescues/layout (131.7ms)
  Rendered /Users/brandimilligan/.rvm/gems/ruby-2.3.0@rails_gemset/gems/web-console-2.3.0/lib/web_console/templates/_markup.html.erb (0.6ms)
  Rendered /Users/brandimilligan/.rvm/gems/ruby-2.3.0@rails_gemset/gems/web-console-2.3.0/lib/web_console/templates/_inner_console_markup.html.erb within layouts/inlined_string (0.5ms)
  Rendered /Users/brandimilligan/.rvm/gems/ruby-2.3.0@rails_gemset/gems/web-console-2.3.0/lib/web_console/templates/_prompt_box_markup.html.erb within layouts/inlined_string (0.5ms)
  Rendered /Users/brandimilligan/.rvm/gems/ruby-2.3.0@rails_gemset/gems/web-console-2.3.0/lib/web_console/templates/style.css.erb within layouts/inlined_string (0.7ms)
  Rendered /Users/brandimilligan/.rvm/gems/ruby-2.3.0@rails_gemset/gems/web-console-2.3.0/lib/web_console/templates/console.js.erb within layouts/javascript (108.3ms)
  Rendered /Users/brandimilligan/.rvm/gems/ruby-2.3.0@rails_gemset/gems/web-console-2.3.0/lib/web_console/templates/main.js.erb within layouts/javascript (0.5ms)
  Rendered /Users/brandimilligan/.rvm/gems/ruby-2.3.0@rails_gemset/gems/web-console-2.3.0/lib/web_console/templates/error_page.js.erb within layouts/javascript (0.7ms)
  Rendered /Users/brandimilligan/.rvm/gems/ruby-2.3.0@rails_gemset/gems/web-console-2.3.0/lib/web_console/templates/index.html.erb (235.3ms)


Started GET "/" for ::1 at 2016-09-28 15:16:56 -0700
Processing by TasksController#index as HTML
Completed 500 Internal Server Error in 12ms (ActiveRecord: 0.0ms)

NoMethodError (undefined method `alltasks' for TasksController:Class
Did you mean?  allposts):
  app/controllers/tasks_controller.rb:3:in `index'


  Rendered /Users/brandimilligan/.rvm/gems/ruby-2.3.0@rails_gemset/gems/actionpack-4.2.7/lib/action_dispatch/middleware/templates/rescues/_source.erb (10.1ms)
  Rendered /Users/brandimilligan/.rvm/gems/ruby-2.3.0@rails_gemset/gems/actionpack-4.2.7/lib/action_dispatch/middleware/templates/rescues/_trace.html.erb (4.9ms)
  Rendered /Users/brandimilligan/.rvm/gems/ruby-2.3.0@rails_gemset/gems/actionpack-4.2.7/lib/action_dispatch/middleware/templates/rescues/_request_and_response.html.erb (1.7ms)
  Rendered /Users/brandimilligan/.rvm/gems/ruby-2.3.0@rails_gemset/gems/actionpack-4.2.7/lib/action_dispatch/middleware/templates/rescues/diagnostics.html.erb within rescues/layout (136.3ms)
  Rendered /Users/brandimilligan/.rvm/gems/ruby-2.3.0@rails_gemset/gems/web-console-2.3.0/lib/web_console/templates/_markup.html.erb (0.8ms)
  Rendered /Users/brandimilligan/.rvm/gems/ruby-2.3.0@rails_gemset/gems/web-console-2.3.0/lib/web_console/templates/_inner_console_markup.html.erb within layouts/inlined_string (0.7ms)
  Rendered /Users/brandimilligan/.rvm/gems/ruby-2.3.0@rails_gemset/gems/web-console-2.3.0/lib/web_console/templates/_prompt_box_markup.html.erb within layouts/inlined_string (0.5ms)
  Rendered /Users/brandimilligan/.rvm/gems/ruby-2.3.0@rails_gemset/gems/web-console-2.3.0/lib/web_console/templates/style.css.erb within layouts/inlined_string (0.6ms)
  Rendered /Users/brandimilligan/.rvm/gems/ruby-2.3.0@rails_gemset/gems/web-console-2.3.0/lib/web_console/templates/console.js.erb within layouts/javascript (102.3ms)
  Rendered /Users/brandimilligan/.rvm/gems/ruby-2.3.0@rails_gemset/gems/web-console-2.3.0/lib/web_console/templates/main.js.erb within layouts/javascript (0.5ms)
  Rendered /Users/brandimilligan/.rvm/gems/ruby-2.3.0@rails_gemset/gems/web-console-2.3.0/lib/web_console/templates/error_page.js.erb within layouts/javascript (0.7ms)
  Rendered /Users/brandimilligan/.rvm/gems/ruby-2.3.0@rails_gemset/gems/web-console-2.3.0/lib/web_console/templates/index.html.erb (231.7ms)


Started GET "/" for ::1 at 2016-09-28 15:17:35 -0700
Processing by TasksController#index as HTML
  Rendered tasks/index.html.erb within layouts/application (58.2ms)
Completed 500 Internal Server Error in 71ms (ActiveRecord: 0.0ms)

ActionView::Template::Error (undefined local variable or method `task' for #<#<Class:0x007fc352857a88>:0x007fc352298de0>
Did you mean?  @tasks):
    2: 
    3: <% @tasks.each do |post| %>
    4: <article>
    5:   <h2> <%= link_to(task[:title], show_path(task[:id])) %> </h2>
    6:   <h3> Type: <%= task[:description] %> </h3>
    7:   <p>
    8:     <%= task[:details] %>
  app/views/tasks/index.html.erb:5:in `block in _app_views_tasks_index_html_erb__2862491977518222019_70238436868280'
  app/views/tasks/index.html.erb:3:in `each'
  app/views/tasks/index.html.erb:3:in `_app_views_tasks_index_html_erb__2862491977518222019_70238436868280'


  Rendered /Users/brandimilligan/.rvm/gems/ruby-2.3.0@rails_gemset/gems/actionpack-4.2.7/lib/action_dispatch/middleware/templates/rescues/_source.erb (14.8ms)
  Rendered /Users/brandimilligan/.rvm/gems/ruby-2.3.0@rails_gemset/gems/actionpack-4.2.7/lib/action_dispatch/middleware/templates/rescues/_trace.html.erb (4.4ms)
  Rendered /Users/brandimilligan/.rvm/gems/ruby-2.3.0@rails_gemset/gems/actionpack-4.2.7/lib/action_dispatch/middleware/templates/rescues/_request_and_response.html.erb (2.0ms)
  Rendered /Users/brandimilligan/.rvm/gems/ruby-2.3.0@rails_gemset/gems/actionpack-4.2.7/lib/action_dispatch/middleware/templates/rescues/template_error.html.erb within rescues/layout (128.2ms)
  Rendered /Users/brandimilligan/.rvm/gems/ruby-2.3.0@rails_gemset/gems/web-console-2.3.0/lib/web_console/templates/_markup.html.erb (0.6ms)
  Rendered /Users/brandimilligan/.rvm/gems/ruby-2.3.0@rails_gemset/gems/web-console-2.3.0/lib/web_console/templates/_inner_console_markup.html.erb within layouts/inlined_string (0.5ms)
  Rendered /Users/brandimilligan/.rvm/gems/ruby-2.3.0@rails_gemset/gems/web-console-2.3.0/lib/web_console/templates/_prompt_box_markup.html.erb within layouts/inlined_string (0.5ms)
  Rendered /Users/brandimilligan/.rvm/gems/ruby-2.3.0@rails_gemset/gems/web-console-2.3.0/lib/web_console/templates/style.css.erb within layouts/inlined_string (0.7ms)
  Rendered /Users/brandimilligan/.rvm/gems/ruby-2.3.0@rails_gemset/gems/web-console-2.3.0/lib/web_console/templates/console.js.erb within layouts/javascript (103.8ms)
  Rendered /Users/brandimilligan/.rvm/gems/ruby-2.3.0@rails_gemset/gems/web-console-2.3.0/lib/web_console/templates/main.js.erb within layouts/javascript (0.6ms)
  Rendered /Users/brandimilligan/.rvm/gems/ruby-2.3.0@rails_gemset/gems/web-console-2.3.0/lib/web_console/templates/error_page.js.erb within layouts/javascript (0.6ms)
  Rendered /Users/brandimilligan/.rvm/gems/ruby-2.3.0@rails_gemset/gems/web-console-2.3.0/lib/web_console/templates/index.html.erb (230.2ms)


Started GET "/" for ::1 at 2016-09-28 15:20:29 -0700
Processing by TasksController#index as HTML
  Rendered tasks/index.html.erb within layouts/application (50.7ms)
Completed 500 Internal Server Error in 60ms (ActiveRecord: 0.0ms)

ActionView::Template::Error (undefined method `show_path' for #<#<Class:0x007fc352857a88>:0x007fc3542717e8>):
    2: 
    3: <% @tasks.each do |task| %>
    4: <article>
    5:   <h2> <%= link_to(task[:title], show_path(task[:id])) %> </h2>
    6:   <h3> Type: <%= task[:description] %> </h3>
    7:   <p>
    8:     <%= task[:details] %>
  app/views/tasks/index.html.erb:5:in `block in _app_views_tasks_index_html_erb__2862491977518222019_70238453596560'
  app/views/tasks/index.html.erb:3:in `each'
  app/views/tasks/index.html.erb:3:in `_app_views_tasks_index_html_erb__2862491977518222019_70238453596560'


  Rendered /Users/brandimilligan/.rvm/gems/ruby-2.3.0@rails_gemset/gems/actionpack-4.2.7/lib/action_dispatch/middleware/templates/rescues/_source.erb (12.7ms)
  Rendered /Users/brandimilligan/.rvm/gems/ruby-2.3.0@rails_gemset/gems/actionpack-4.2.7/lib/action_dispatch/middleware/templates/rescues/_trace.html.erb (4.8ms)
  Rendered /Users/brandimilligan/.rvm/gems/ruby-2.3.0@rails_gemset/gems/actionpack-4.2.7/lib/action_dispatch/middleware/templates/rescues/_request_and_response.html.erb (1.6ms)
  Rendered /Users/brandimilligan/.rvm/gems/ruby-2.3.0@rails_gemset/gems/actionpack-4.2.7/lib/action_dispatch/middleware/templates/rescues/template_error.html.erb within rescues/layout (127.7ms)
  Rendered /Users/brandimilligan/.rvm/gems/ruby-2.3.0@rails_gemset/gems/web-console-2.3.0/lib/web_console/templates/_markup.html.erb (0.6ms)
  Rendered /Users/brandimilligan/.rvm/gems/ruby-2.3.0@rails_gemset/gems/web-console-2.3.0/lib/web_console/templates/_inner_console_markup.html.erb within layouts/inlined_string (0.6ms)
  Rendered /Users/brandimilligan/.rvm/gems/ruby-2.3.0@rails_gemset/gems/web-console-2.3.0/lib/web_console/templates/_prompt_box_markup.html.erb within layouts/inlined_string (0.5ms)
  Rendered /Users/brandimilligan/.rvm/gems/ruby-2.3.0@rails_gemset/gems/web-console-2.3.0/lib/web_console/templates/style.css.erb within layouts/inlined_string (0.5ms)
  Rendered /Users/brandimilligan/.rvm/gems/ruby-2.3.0@rails_gemset/gems/web-console-2.3.0/lib/web_console/templates/console.js.erb within layouts/javascript (102.7ms)
  Rendered /Users/brandimilligan/.rvm/gems/ruby-2.3.0@rails_gemset/gems/web-console-2.3.0/lib/web_console/templates/main.js.erb within layouts/javascript (0.5ms)
  Rendered /Users/brandimilligan/.rvm/gems/ruby-2.3.0@rails_gemset/gems/web-console-2.3.0/lib/web_console/templates/error_page.js.erb within layouts/javascript (0.7ms)
  Rendered /Users/brandimilligan/.rvm/gems/ruby-2.3.0@rails_gemset/gems/web-console-2.3.0/lib/web_console/templates/index.html.erb (229.0ms)


Started GET "/" for ::1 at 2016-09-28 15:23:00 -0700

SyntaxError (/Users/brandimilligan/Dropbox/ada/wk8/TaskListRails/config/routes.rb:8: syntax error, unexpected tIDENTIFIER, expecting keyword_end
  get 'tasks/show/:id' => 'tasks#show' as: 'show'
                                         ^):
  config/routes.rb:8: syntax error, unexpected tIDENTIFIER, expecting keyword_end


  Rendered /Users/brandimilligan/.rvm/gems/ruby-2.3.0@rails_gemset/gems/actionpack-4.2.7/lib/action_dispatch/middleware/templates/rescues/_source.erb (7.4ms)
  Rendered /Users/brandimilligan/.rvm/gems/ruby-2.3.0@rails_gemset/gems/actionpack-4.2.7/lib/action_dispatch/middleware/templates/rescues/_trace.html.erb (5.9ms)
  Rendered /Users/brandimilligan/.rvm/gems/ruby-2.3.0@rails_gemset/gems/actionpack-4.2.7/lib/action_dispatch/middleware/templates/rescues/_request_and_response.html.erb (2.2ms)
  Rendered /Users/brandimilligan/.rvm/gems/ruby-2.3.0@rails_gemset/gems/actionpack-4.2.7/lib/action_dispatch/middleware/templates/rescues/diagnostics.html.erb within rescues/layout (149.1ms)
  Rendered /Users/brandimilligan/.rvm/gems/ruby-2.3.0@rails_gemset/gems/web-console-2.3.0/lib/web_console/templates/_markup.html.erb (1.4ms)
  Rendered /Users/brandimilligan/.rvm/gems/ruby-2.3.0@rails_gemset/gems/web-console-2.3.0/lib/web_console/templates/_inner_console_markup.html.erb within layouts/inlined_string (0.7ms)
  Rendered /Users/brandimilligan/.rvm/gems/ruby-2.3.0@rails_gemset/gems/web-console-2.3.0/lib/web_console/templates/_prompt_box_markup.html.erb within layouts/inlined_string (0.7ms)
  Rendered /Users/brandimilligan/.rvm/gems/ruby-2.3.0@rails_gemset/gems/web-console-2.3.0/lib/web_console/templates/style.css.erb within layouts/inlined_string (0.6ms)
  Rendered /Users/brandimilligan/.rvm/gems/ruby-2.3.0@rails_gemset/gems/web-console-2.3.0/lib/web_console/templates/console.js.erb within layouts/javascript (116.9ms)
  Rendered /Users/brandimilligan/.rvm/gems/ruby-2.3.0@rails_gemset/gems/web-console-2.3.0/lib/web_console/templates/main.js.erb within layouts/javascript (0.7ms)
  Rendered /Users/brandimilligan/.rvm/gems/ruby-2.3.0@rails_gemset/gems/web-console-2.3.0/lib/web_console/templates/error_page.js.erb within layouts/javascript (0.7ms)
  Rendered /Users/brandimilligan/.rvm/gems/ruby-2.3.0@rails_gemset/gems/web-console-2.3.0/lib/web_console/templates/index.html.erb (268.4ms)


Started GET "/" for ::1 at 2016-09-29 05:52:23 -0700

SyntaxError (/Users/brandimilligan/Dropbox/ada/wk8/TaskListRails/config/routes.rb:8: syntax error, unexpected tIDENTIFIER, expecting keyword_end
  get 'tasks/show/:id' => 'tasks#show' as: 'show'
                                         ^
/Users/brandimilligan/Dropbox/ada/wk8/TaskListRails/config/routes.rb:74: syntax error, unexpected keyword_end, expecting end-of-input):
  config/routes.rb:8: syntax error, unexpected tIDENTIFIER, expecting keyword_end
  config/routes.rb:74: syntax error, unexpected keyword_end, expecting end-of-input


  Rendered /Users/brandimilligan/.rvm/gems/ruby-2.3.0@rails_gemset/gems/actionpack-4.2.7/lib/action_dispatch/middleware/templates/rescues/_source.erb (13.9ms)
  Rendered /Users/brandimilligan/.rvm/gems/ruby-2.3.0@rails_gemset/gems/actionpack-4.2.7/lib/action_dispatch/middleware/templates/rescues/_trace.html.erb (16.1ms)
  Rendered /Users/brandimilligan/.rvm/gems/ruby-2.3.0@rails_gemset/gems/actionpack-4.2.7/lib/action_dispatch/middleware/templates/rescues/_request_and_response.html.erb (6.4ms)
  Rendered /Users/brandimilligan/.rvm/gems/ruby-2.3.0@rails_gemset/gems/actionpack-4.2.7/lib/action_dispatch/middleware/templates/rescues/diagnostics.html.erb within rescues/layout (169.3ms)
  Rendered /Users/brandimilligan/.rvm/gems/ruby-2.3.0@rails_gemset/gems/web-console-2.3.0/lib/web_console/templates/_markup.html.erb (4.5ms)
  Rendered /Users/brandimilligan/.rvm/gems/ruby-2.3.0@rails_gemset/gems/web-console-2.3.0/lib/web_console/templates/_inner_console_markup.html.erb within layouts/inlined_string (0.8ms)
  Rendered /Users/brandimilligan/.rvm/gems/ruby-2.3.0@rails_gemset/gems/web-console-2.3.0/lib/web_console/templates/_prompt_box_markup.html.erb within layouts/inlined_string (0.8ms)
  Rendered /Users/brandimilligan/.rvm/gems/ruby-2.3.0@rails_gemset/gems/web-console-2.3.0/lib/web_console/templates/style.css.erb within layouts/inlined_string (0.7ms)
  Rendered /Users/brandimilligan/.rvm/gems/ruby-2.3.0@rails_gemset/gems/web-console-2.3.0/lib/web_console/templates/console.js.erb within layouts/javascript (122.7ms)
  Rendered /Users/brandimilligan/.rvm/gems/ruby-2.3.0@rails_gemset/gems/web-console-2.3.0/lib/web_console/templates/main.js.erb within layouts/javascript (0.8ms)
  Rendered /Users/brandimilligan/.rvm/gems/ruby-2.3.0@rails_gemset/gems/web-console-2.3.0/lib/web_console/templates/error_page.js.erb within layouts/javascript (1.4ms)
  Rendered /Users/brandimilligan/.rvm/gems/ruby-2.3.0@rails_gemset/gems/web-console-2.3.0/lib/web_console/templates/index.html.erb (270.8ms)


Started GET "/" for ::1 at 2016-09-29 05:52:38 -0700

ActionController::RoutingError (No route matches [GET] "/"):
  actionpack (4.2.7) lib/action_dispatch/middleware/debug_exceptions.rb:21:in `call'
  web-console (2.3.0) lib/web_console/middleware.rb:28:in `block in call'
  web-console (2.3.0) lib/web_console/middleware.rb:18:in `catch'
  web-console (2.3.0) lib/web_console/middleware.rb:18:in `call'
  actionpack (4.2.7) lib/action_dispatch/middleware/show_exceptions.rb:30:in `call'
  railties (4.2.7) lib/rails/rack/logger.rb:38:in `call_app'
  railties (4.2.7) lib/rails/rack/logger.rb:20:in `block in call'
  activesupport (4.2.7) lib/active_support/tagged_logging.rb:68:in `block in tagged'
  activesupport (4.2.7) lib/active_support/tagged_logging.rb:26:in `tagged'
  activesupport (4.2.7) lib/active_support/tagged_logging.rb:68:in `tagged'
  railties (4.2.7) lib/rails/rack/logger.rb:20:in `call'
  actionpack (4.2.7) lib/action_dispatch/middleware/request_id.rb:21:in `call'
  rack (1.6.4) lib/rack/methodoverride.rb:22:in `call'
  rack (1.6.4) lib/rack/runtime.rb:18:in `call'
  activesupport (4.2.7) lib/active_support/cache/strategy/local_cache_middleware.rb:28:in `call'
  rack (1.6.4) lib/rack/lock.rb:17:in `call'
  actionpack (4.2.7) lib/action_dispatch/middleware/static.rb:120:in `call'
  rack (1.6.4) lib/rack/sendfile.rb:113:in `call'
  railties (4.2.7) lib/rails/engine.rb:518:in `call'
  railties (4.2.7) lib/rails/application.rb:165:in `call'
  rack (1.6.4) lib/rack/lock.rb:17:in `call'
  rack (1.6.4) lib/rack/content_length.rb:15:in `call'
  rack (1.6.4) lib/rack/handler/webrick.rb:88:in `service'
  /Users/brandimilligan/.rvm/rubies/ruby-2.3.0/lib/ruby/2.3.0/webrick/httpserver.rb:140:in `service'
  /Users/brandimilligan/.rvm/rubies/ruby-2.3.0/lib/ruby/2.3.0/webrick/httpserver.rb:96:in `run'
  /Users/brandimilligan/.rvm/rubies/ruby-2.3.0/lib/ruby/2.3.0/webrick/server.rb:296:in `block in start_thread'


  Rendered /Users/brandimilligan/.rvm/gems/ruby-2.3.0@rails_gemset/gems/actionpack-4.2.7/lib/action_dispatch/middleware/templates/rescues/_trace.html.erb (7.4ms)
  Rendered /Users/brandimilligan/.rvm/gems/ruby-2.3.0@rails_gemset/gems/actionpack-4.2.7/lib/action_dispatch/middleware/templates/routes/_table.html.erb (70.1ms)
  Rendered /Users/brandimilligan/.rvm/gems/ruby-2.3.0@rails_gemset/gems/actionpack-4.2.7/lib/action_dispatch/middleware/templates/rescues/_request_and_response.html.erb (6.7ms)
  Rendered /Users/brandimilligan/.rvm/gems/ruby-2.3.0@rails_gemset/gems/actionpack-4.2.7/lib/action_dispatch/middleware/templates/rescues/routing_error.html.erb within rescues/layout (211.1ms)
  Rendered /Users/brandimilligan/.rvm/gems/ruby-2.3.0@rails_gemset/gems/web-console-2.3.0/lib/web_console/templates/_markup.html.erb (0.8ms)
  Rendered /Users/brandimilligan/.rvm/gems/ruby-2.3.0@rails_gemset/gems/web-console-2.3.0/lib/web_console/templates/_inner_console_markup.html.erb within layouts/inlined_string (0.6ms)
  Rendered /Users/brandimilligan/.rvm/gems/ruby-2.3.0@rails_gemset/gems/web-console-2.3.0/lib/web_console/templates/_prompt_box_markup.html.erb within layouts/inlined_string (0.7ms)
  Rendered /Users/brandimilligan/.rvm/gems/ruby-2.3.0@rails_gemset/gems/web-console-2.3.0/lib/web_console/templates/style.css.erb within layouts/inlined_string (0.8ms)
  Rendered /Users/brandimilligan/.rvm/gems/ruby-2.3.0@rails_gemset/gems/web-console-2.3.0/lib/web_console/templates/console.js.erb within layouts/javascript (105.5ms)
  Rendered /Users/brandimilligan/.rvm/gems/ruby-2.3.0@rails_gemset/gems/web-console-2.3.0/lib/web_console/templates/main.js.erb within layouts/javascript (0.7ms)
  Rendered /Users/brandimilligan/.rvm/gems/ruby-2.3.0@rails_gemset/gems/web-console-2.3.0/lib/web_console/templates/error_page.js.erb within layouts/javascript (0.8ms)
  Rendered /Users/brandimilligan/.rvm/gems/ruby-2.3.0@rails_gemset/gems/web-console-2.3.0/lib/web_console/templates/index.html.erb (235.6ms)


Started GET "/index" for ::1 at 2016-09-29 05:53:48 -0700

ActionController::RoutingError (No route matches [GET] "/index"):
  actionpack (4.2.7) lib/action_dispatch/middleware/debug_exceptions.rb:21:in `call'
  web-console (2.3.0) lib/web_console/middleware.rb:28:in `block in call'
  web-console (2.3.0) lib/web_console/middleware.rb:18:in `catch'
  web-console (2.3.0) lib/web_console/middleware.rb:18:in `call'
  actionpack (4.2.7) lib/action_dispatch/middleware/show_exceptions.rb:30:in `call'
  railties (4.2.7) lib/rails/rack/logger.rb:38:in `call_app'
  railties (4.2.7) lib/rails/rack/logger.rb:20:in `block in call'
  activesupport (4.2.7) lib/active_support/tagged_logging.rb:68:in `block in tagged'
  activesupport (4.2.7) lib/active_support/tagged_logging.rb:26:in `tagged'
  activesupport (4.2.7) lib/active_support/tagged_logging.rb:68:in `tagged'
  railties (4.2.7) lib/rails/rack/logger.rb:20:in `call'
  actionpack (4.2.7) lib/action_dispatch/middleware/request_id.rb:21:in `call'
  rack (1.6.4) lib/rack/methodoverride.rb:22:in `call'
  rack (1.6.4) lib/rack/runtime.rb:18:in `call'
  activesupport (4.2.7) lib/active_support/cache/strategy/local_cache_middleware.rb:28:in `call'
  rack (1.6.4) lib/rack/lock.rb:17:in `call'
  actionpack (4.2.7) lib/action_dispatch/middleware/static.rb:120:in `call'
  rack (1.6.4) lib/rack/sendfile.rb:113:in `call'
  railties (4.2.7) lib/rails/engine.rb:518:in `call'
  railties (4.2.7) lib/rails/application.rb:165:in `call'
  rack (1.6.4) lib/rack/lock.rb:17:in `call'
  rack (1.6.4) lib/rack/content_length.rb:15:in `call'
  rack (1.6.4) lib/rack/handler/webrick.rb:88:in `service'
  /Users/brandimilligan/.rvm/rubies/ruby-2.3.0/lib/ruby/2.3.0/webrick/httpserver.rb:140:in `service'
  /Users/brandimilligan/.rvm/rubies/ruby-2.3.0/lib/ruby/2.3.0/webrick/httpserver.rb:96:in `run'
  /Users/brandimilligan/.rvm/rubies/ruby-2.3.0/lib/ruby/2.3.0/webrick/server.rb:296:in `block in start_thread'


  Rendered /Users/brandimilligan/.rvm/gems/ruby-2.3.0@rails_gemset/gems/actionpack-4.2.7/lib/action_dispatch/middleware/templates/rescues/_trace.html.erb (6.2ms)
  Rendered /Users/brandimilligan/.rvm/gems/ruby-2.3.0@rails_gemset/gems/actionpack-4.2.7/lib/action_dispatch/middleware/templates/routes/_table.html.erb (3.3ms)
  Rendered /Users/brandimilligan/.rvm/gems/ruby-2.3.0@rails_gemset/gems/actionpack-4.2.7/lib/action_dispatch/middleware/templates/rescues/_request_and_response.html.erb (2.1ms)
  Rendered /Users/brandimilligan/.rvm/gems/ruby-2.3.0@rails_gemset/gems/actionpack-4.2.7/lib/action_dispatch/middleware/templates/rescues/routing_error.html.erb within rescues/layout (132.0ms)
  Rendered /Users/brandimilligan/.rvm/gems/ruby-2.3.0@rails_gemset/gems/web-console-2.3.0/lib/web_console/templates/_markup.html.erb (0.8ms)
  Rendered /Users/brandimilligan/.rvm/gems/ruby-2.3.0@rails_gemset/gems/web-console-2.3.0/lib/web_console/templates/_inner_console_markup.html.erb within layouts/inlined_string (0.7ms)
  Rendered /Users/brandimilligan/.rvm/gems/ruby-2.3.0@rails_gemset/gems/web-console-2.3.0/lib/web_console/templates/_prompt_box_markup.html.erb within layouts/inlined_string (4.1ms)
  Rendered /Users/brandimilligan/.rvm/gems/ruby-2.3.0@rails_gemset/gems/web-console-2.3.0/lib/web_console/templates/style.css.erb within layouts/inlined_string (0.6ms)
  Rendered /Users/brandimilligan/.rvm/gems/ruby-2.3.0@rails_gemset/gems/web-console-2.3.0/lib/web_console/templates/console.js.erb within layouts/javascript (115.1ms)
  Rendered /Users/brandimilligan/.rvm/gems/ruby-2.3.0@rails_gemset/gems/web-console-2.3.0/lib/web_console/templates/main.js.erb within layouts/javascript (0.6ms)
  Rendered /Users/brandimilligan/.rvm/gems/ruby-2.3.0@rails_gemset/gems/web-console-2.3.0/lib/web_console/templates/error_page.js.erb within layouts/javascript (1.4ms)
  Rendered /Users/brandimilligan/.rvm/gems/ruby-2.3.0@rails_gemset/gems/web-console-2.3.0/lib/web_console/templates/index.html.erb (258.0ms)


Started GET "/index" for ::1 at 2016-09-29 05:56:19 -0700

SyntaxError (/Users/brandimilligan/Dropbox/ada/wk8/TaskListRails/config/routes.rb:8: syntax error, unexpected tIDENTIFIER, expecting keyword_end
  get 'tasks/show/:id' => 'tasks#show' as: 'show'
                                         ^
/Users/brandimilligan/Dropbox/ada/wk8/TaskListRails/config/routes.rb:74: syntax error, unexpected keyword_end, expecting end-of-input):
  config/routes.rb:8: syntax error, unexpected tIDENTIFIER, expecting keyword_end
  config/routes.rb:74: syntax error, unexpected keyword_end, expecting end-of-input


  Rendered /Users/brandimilligan/.rvm/gems/ruby-2.3.0@rails_gemset/gems/actionpack-4.2.7/lib/action_dispatch/middleware/templates/rescues/_source.erb (21.6ms)
  Rendered /Users/brandimilligan/.rvm/gems/ruby-2.3.0@rails_gemset/gems/actionpack-4.2.7/lib/action_dispatch/middleware/templates/rescues/_trace.html.erb (19.3ms)
  Rendered /Users/brandimilligan/.rvm/gems/ruby-2.3.0@rails_gemset/gems/actionpack-4.2.7/lib/action_dispatch/middleware/templates/rescues/_request_and_response.html.erb (10.4ms)
  Rendered /Users/brandimilligan/.rvm/gems/ruby-2.3.0@rails_gemset/gems/actionpack-4.2.7/lib/action_dispatch/middleware/templates/rescues/diagnostics.html.erb within rescues/layout (174.3ms)
  Rendered /Users/brandimilligan/.rvm/gems/ruby-2.3.0@rails_gemset/gems/web-console-2.3.0/lib/web_console/templates/_markup.html.erb (1.0ms)
  Rendered /Users/brandimilligan/.rvm/gems/ruby-2.3.0@rails_gemset/gems/web-console-2.3.0/lib/web_console/templates/_inner_console_markup.html.erb within layouts/inlined_string (0.7ms)
  Rendered /Users/brandimilligan/.rvm/gems/ruby-2.3.0@rails_gemset/gems/web-console-2.3.0/lib/web_console/templates/_prompt_box_markup.html.erb within layouts/inlined_string (4.2ms)
  Rendered /Users/brandimilligan/.rvm/gems/ruby-2.3.0@rails_gemset/gems/web-console-2.3.0/lib/web_console/templates/style.css.erb within layouts/inlined_string (0.7ms)
  Rendered /Users/brandimilligan/.rvm/gems/ruby-2.3.0@rails_gemset/gems/web-console-2.3.0/lib/web_console/templates/console.js.erb within layouts/javascript (114.2ms)
  Rendered /Users/brandimilligan/.rvm/gems/ruby-2.3.0@rails_gemset/gems/web-console-2.3.0/lib/web_console/templates/main.js.erb within layouts/javascript (0.9ms)
  Rendered /Users/brandimilligan/.rvm/gems/ruby-2.3.0@rails_gemset/gems/web-console-2.3.0/lib/web_console/templates/error_page.js.erb within layouts/javascript (0.9ms)
  Rendered /Users/brandimilligan/.rvm/gems/ruby-2.3.0@rails_gemset/gems/web-console-2.3.0/lib/web_console/templates/index.html.erb (243.6ms)


Started GET "/index" for ::1 at 2016-09-29 06:22:20 -0700

SyntaxError (/Users/brandimilligan/Dropbox/ada/wk8/TaskListRails/config/routes.rb:8: syntax error, unexpected tIDENTIFIER, expecting keyword_end
  get 'tasks/show/:id' => 'tasks#show' as: 'show'
                                         ^):
  config/routes.rb:8: syntax error, unexpected tIDENTIFIER, expecting keyword_end


  Rendered /Users/brandimilligan/.rvm/gems/ruby-2.3.0@rails_gemset/gems/actionpack-4.2.7/lib/action_dispatch/middleware/templates/rescues/_source.erb (19.5ms)
  Rendered /Users/brandimilligan/.rvm/gems/ruby-2.3.0@rails_gemset/gems/actionpack-4.2.7/lib/action_dispatch/middleware/templates/rescues/_trace.html.erb (20.6ms)
  Rendered /Users/brandimilligan/.rvm/gems/ruby-2.3.0@rails_gemset/gems/actionpack-4.2.7/lib/action_dispatch/middleware/templates/rescues/_request_and_response.html.erb (5.5ms)
  Rendered /Users/brandimilligan/.rvm/gems/ruby-2.3.0@rails_gemset/gems/actionpack-4.2.7/lib/action_dispatch/middleware/templates/rescues/diagnostics.html.erb within rescues/layout (207.3ms)
  Rendered /Users/brandimilligan/.rvm/gems/ruby-2.3.0@rails_gemset/gems/web-console-2.3.0/lib/web_console/templates/_markup.html.erb (0.7ms)
  Rendered /Users/brandimilligan/.rvm/gems/ruby-2.3.0@rails_gemset/gems/web-console-2.3.0/lib/web_console/templates/_inner_console_markup.html.erb within layouts/inlined_string (0.7ms)
  Rendered /Users/brandimilligan/.rvm/gems/ruby-2.3.0@rails_gemset/gems/web-console-2.3.0/lib/web_console/templates/_prompt_box_markup.html.erb within layouts/inlined_string (4.1ms)
  Rendered /Users/brandimilligan/.rvm/gems/ruby-2.3.0@rails_gemset/gems/web-console-2.3.0/lib/web_console/templates/style.css.erb within layouts/inlined_string (0.8ms)
  Rendered /Users/brandimilligan/.rvm/gems/ruby-2.3.0@rails_gemset/gems/web-console-2.3.0/lib/web_console/templates/console.js.erb within layouts/javascript (110.7ms)
  Rendered /Users/brandimilligan/.rvm/gems/ruby-2.3.0@rails_gemset/gems/web-console-2.3.0/lib/web_console/templates/main.js.erb within layouts/javascript (0.6ms)
  Rendered /Users/brandimilligan/.rvm/gems/ruby-2.3.0@rails_gemset/gems/web-console-2.3.0/lib/web_console/templates/error_page.js.erb within layouts/javascript (4.9ms)
  Rendered /Users/brandimilligan/.rvm/gems/ruby-2.3.0@rails_gemset/gems/web-console-2.3.0/lib/web_console/templates/index.html.erb (250.2ms)


Started GET "/" for ::1 at 2016-09-29 07:58:58 -0700

SyntaxError (/Users/brandimilligan/Dropbox/ada/wk8/TaskListRails/config/routes.rb:8: syntax error, unexpected tIDENTIFIER, expecting keyword_end
  get 'tasks/show/:id' => 'tasks#show' as: 'show'
                                         ^):
  config/routes.rb:8: syntax error, unexpected tIDENTIFIER, expecting keyword_end


  Rendered /Users/brandimilligan/.rvm/gems/ruby-2.3.0@rails_gemset/gems/actionpack-4.2.7/lib/action_dispatch/middleware/templates/rescues/_source.erb (17.2ms)
  Rendered /Users/brandimilligan/.rvm/gems/ruby-2.3.0@rails_gemset/gems/actionpack-4.2.7/lib/action_dispatch/middleware/templates/rescues/_trace.html.erb (22.7ms)
  Rendered /Users/brandimilligan/.rvm/gems/ruby-2.3.0@rails_gemset/gems/actionpack-4.2.7/lib/action_dispatch/middleware/templates/rescues/_request_and_response.html.erb (10.5ms)
  Rendered /Users/brandimilligan/.rvm/gems/ruby-2.3.0@rails_gemset/gems/actionpack-4.2.7/lib/action_dispatch/middleware/templates/rescues/diagnostics.html.erb within rescues/layout (373.0ms)
  Rendered /Users/brandimilligan/.rvm/gems/ruby-2.3.0@rails_gemset/gems/web-console-2.3.0/lib/web_console/templates/_markup.html.erb (1.0ms)
  Rendered /Users/brandimilligan/.rvm/gems/ruby-2.3.0@rails_gemset/gems/web-console-2.3.0/lib/web_console/templates/_inner_console_markup.html.erb within layouts/inlined_string (0.6ms)
  Rendered /Users/brandimilligan/.rvm/gems/ruby-2.3.0@rails_gemset/gems/web-console-2.3.0/lib/web_console/templates/_prompt_box_markup.html.erb within layouts/inlined_string (4.2ms)
  Rendered /Users/brandimilligan/.rvm/gems/ruby-2.3.0@rails_gemset/gems/web-console-2.3.0/lib/web_console/templates/style.css.erb within layouts/inlined_string (4.0ms)
  Rendered /Users/brandimilligan/.rvm/gems/ruby-2.3.0@rails_gemset/gems/web-console-2.3.0/lib/web_console/templates/console.js.erb within layouts/javascript (125.0ms)
  Rendered /Users/brandimilligan/.rvm/gems/ruby-2.3.0@rails_gemset/gems/web-console-2.3.0/lib/web_console/templates/main.js.erb within layouts/javascript (0.8ms)
  Rendered /Users/brandimilligan/.rvm/gems/ruby-2.3.0@rails_gemset/gems/web-console-2.3.0/lib/web_console/templates/error_page.js.erb within layouts/javascript (0.9ms)
  Rendered /Users/brandimilligan/.rvm/gems/ruby-2.3.0@rails_gemset/gems/web-console-2.3.0/lib/web_console/templates/index.html.erb (263.0ms)


Started GET "/" for ::1 at 2016-09-29 07:59:59 -0700

SyntaxError (/Users/brandimilligan/Dropbox/ada/wk8/TaskListRails/config/routes.rb:8: syntax error, unexpected tIDENTIFIER, expecting keyword_end
  get 'tasks/show/:id' => 'tasks#show' as: 'show'
                                         ^):
  config/routes.rb:8: syntax error, unexpected tIDENTIFIER, expecting keyword_end


  Rendered /Users/brandimilligan/.rvm/gems/ruby-2.3.0@rails_gemset/gems/actionpack-4.2.7/lib/action_dispatch/middleware/templates/rescues/_source.erb (57.2ms)
  Rendered /Users/brandimilligan/.rvm/gems/ruby-2.3.0@rails_gemset/gems/actionpack-4.2.7/lib/action_dispatch/middleware/templates/rescues/_trace.html.erb (3.9ms)
  Rendered /Users/brandimilligan/.rvm/gems/ruby-2.3.0@rails_gemset/gems/actionpack-4.2.7/lib/action_dispatch/middleware/templates/rescues/_request_and_response.html.erb (1.6ms)
  Rendered /Users/brandimilligan/.rvm/gems/ruby-2.3.0@rails_gemset/gems/actionpack-4.2.7/lib/action_dispatch/middleware/templates/rescues/diagnostics.html.erb within rescues/layout (183.3ms)
  Rendered /Users/brandimilligan/.rvm/gems/ruby-2.3.0@rails_gemset/gems/web-console-2.3.0/lib/web_console/templates/_markup.html.erb (0.8ms)
  Rendered /Users/brandimilligan/.rvm/gems/ruby-2.3.0@rails_gemset/gems/web-console-2.3.0/lib/web_console/templates/_inner_console_markup.html.erb within layouts/inlined_string (0.6ms)
  Rendered /Users/brandimilligan/.rvm/gems/ruby-2.3.0@rails_gemset/gems/web-console-2.3.0/lib/web_console/templates/_prompt_box_markup.html.erb within layouts/inlined_string (4.1ms)
  Rendered /Users/brandimilligan/.rvm/gems/ruby-2.3.0@rails_gemset/gems/web-console-2.3.0/lib/web_console/templates/style.css.erb within layouts/inlined_string (0.6ms)
  Rendered /Users/brandimilligan/.rvm/gems/ruby-2.3.0@rails_gemset/gems/web-console-2.3.0/lib/web_console/templates/console.js.erb within layouts/javascript (112.5ms)
  Rendered /Users/brandimilligan/.rvm/gems/ruby-2.3.0@rails_gemset/gems/web-console-2.3.0/lib/web_console/templates/main.js.erb within layouts/javascript (0.6ms)
  Rendered /Users/brandimilligan/.rvm/gems/ruby-2.3.0@rails_gemset/gems/web-console-2.3.0/lib/web_console/templates/error_page.js.erb within layouts/javascript (0.8ms)
  Rendered /Users/brandimilligan/.rvm/gems/ruby-2.3.0@rails_gemset/gems/web-console-2.3.0/lib/web_console/templates/index.html.erb (251.7ms)


Started GET "/" for ::1 at 2016-09-29 08:00:57 -0700
Processing by TasksController#index as HTML
  Rendered tasks/index.html.erb within layouts/application (5.2ms)
Completed 200 OK in 1545ms (Views: 1543.7ms | ActiveRecord: 0.0ms)


Started GET "/assets/tasks.self-877aef30ae1b040ab8a3aba4e3e309a11d7f2612f44dde450b5c157aa5f95c05.js?body=1" for ::1 at 2016-09-29 08:00:59 -0700


Started GET "/assets/tasks.self-e3b0c44298fc1c149afbf4c8996fb92427ae41e4649b934ca495991b7852b855.css?body=1" for ::1 at 2016-09-29 08:00:59 -0700


Started GET "/tasks/show/1" for ::1 at 2016-09-29 08:01:08 -0700
Processing by TasksController#show as HTML
  Parameters: {"id"=>"1"}
  Rendered tasks/show.html.erb within layouts/application (2.3ms)
Completed 200 OK in 133ms (Views: 121.0ms | ActiveRecord: 0.0ms)


Started GET "/" for ::1 at 2016-09-29 09:33:25 -0700
Processing by TasksController#index as HTML
  Rendered tasks/index.html.erb within layouts/application (8.5ms)
Completed 200 OK in 782ms (Views: 773.1ms | ActiveRecord: 0.0ms)


Started GET "/assets/tasks.self-877aef30ae1b040ab8a3aba4e3e309a11d7f2612f44dde450b5c157aa5f95c05.js?body=1" for ::1 at 2016-09-29 09:33:26 -0700


Started GET "/assets/tasks.self-e3b0c44298fc1c149afbf4c8996fb92427ae41e4649b934ca495991b7852b855.css?body=1" for ::1 at 2016-09-29 09:33:26 -0700


Started GET "/tasks/show/1" for ::1 at 2016-09-29 09:33:35 -0700
Processing by TasksController#show as HTML
  Parameters: {"id"=>"1"}
  Rendered tasks/show.html.erb within layouts/application (11.1ms)
Completed 200 OK in 901ms (Views: 896.3ms | ActiveRecord: 0.0ms)


Started DELETE "/tasks/destroy.1" for ::1 at 2016-09-29 09:33:52 -0700
Processing by TasksController#destroy as 
  Parameters: {"authenticity_token"=>"0fyrB2eItR3E1kg30TtOSsKXfxATHUqv8ll/COZqiHxzH7FiF8+yu6qDVZ24X4YYOJiufTzhmohq0XQfU3tI4w=="}
  Rendered tasks/destroy.html.erb within layouts/application (1.3ms)
Completed 200 OK in 69ms (Views: 67.8ms | ActiveRecord: 0.0ms)


Started GET "/tasks/edit.1" for ::1 at 2016-09-29 09:33:58 -0700
Processing by TasksController#edit as 
  Rendered tasks/edit.html.erb within layouts/application (36.3ms)
Completed 500 Internal Server Error in 64ms (ActiveRecord: 0.0ms)

ActionView::Template::Error (undefined method `[]' for nil:NilClass):
    3:   <input type="hidden" name="_method" value="PUT" >
    4: 
    5:   <label for="title">Title:</label>
    6:   <input type="text" name="title" id="title" value="<%= @mytask[:title]%>">
    7: 
    8:   <label for="description">Description:</label>
    9:   <input type="text" name="description" id="description" value="<%= @mytask[:description]%>" >
  app/views/tasks/edit.html.erb:6:in `_app_views_tasks_edit_html_erb__3955415809290160555_70238476664780'


  Rendered /Users/brandimilligan/.rvm/gems/ruby-2.3.0@rails_gemset/gems/actionpack-4.2.7/lib/action_dispatch/middleware/templates/rescues/_source.erb (10.7ms)
  Rendered /Users/brandimilligan/.rvm/gems/ruby-2.3.0@rails_gemset/gems/actionpack-4.2.7/lib/action_dispatch/middleware/templates/rescues/_trace.html.erb (5.2ms)
  Rendered /Users/brandimilligan/.rvm/gems/ruby-2.3.0@rails_gemset/gems/actionpack-4.2.7/lib/action_dispatch/middleware/templates/rescues/_request_and_response.html.erb (1.5ms)
  Rendered /Users/brandimilligan/.rvm/gems/ruby-2.3.0@rails_gemset/gems/actionpack-4.2.7/lib/action_dispatch/middleware/templates/rescues/template_error.html.erb within rescues/layout (143.9ms)
  Rendered /Users/brandimilligan/.rvm/gems/ruby-2.3.0@rails_gemset/gems/web-console-2.3.0/lib/web_console/templates/_markup.html.erb (0.7ms)
  Rendered /Users/brandimilligan/.rvm/gems/ruby-2.3.0@rails_gemset/gems/web-console-2.3.0/lib/web_console/templates/_inner_console_markup.html.erb within layouts/inlined_string (0.5ms)
  Rendered /Users/brandimilligan/.rvm/gems/ruby-2.3.0@rails_gemset/gems/web-console-2.3.0/lib/web_console/templates/_prompt_box_markup.html.erb within layouts/inlined_string (0.6ms)
  Rendered /Users/brandimilligan/.rvm/gems/ruby-2.3.0@rails_gemset/gems/web-console-2.3.0/lib/web_console/templates/style.css.erb within layouts/inlined_string (0.6ms)
  Rendered /Users/brandimilligan/.rvm/gems/ruby-2.3.0@rails_gemset/gems/web-console-2.3.0/lib/web_console/templates/console.js.erb within layouts/javascript (106.1ms)
  Rendered /Users/brandimilligan/.rvm/gems/ruby-2.3.0@rails_gemset/gems/web-console-2.3.0/lib/web_console/templates/main.js.erb within layouts/javascript (0.7ms)
  Rendered /Users/brandimilligan/.rvm/gems/ruby-2.3.0@rails_gemset/gems/web-console-2.3.0/lib/web_console/templates/error_page.js.erb within layouts/javascript (0.7ms)
  Rendered /Users/brandimilligan/.rvm/gems/ruby-2.3.0@rails_gemset/gems/web-console-2.3.0/lib/web_console/templates/index.html.erb (248.7ms)


Started GET "/tasks/edit.1" for ::1 at 2016-09-29 09:43:50 -0700
Processing by TasksController#edit as 
  Rendered tasks/edit.html.erb within layouts/application (39.3ms)
Completed 500 Internal Server Error in 81ms (ActiveRecord: 0.0ms)

ActionView::Template::Error (undefined method `[]' for nil:NilClass):
     7:   <input type="hidden" name="_method" value="PUT" >
     8: 
     9:   <label for="title">Title:</label>
    10:   <input type="text" name="title" id="title" value="<%= @mytask[:title]%>">
    11: 
    12:   <label for="description">Description:</label>
    13:   <input type="text" name="description" id="description" value="<%= @mytask[:description]%>" >
  app/views/tasks/edit.html.erb:10:in `_app_views_tasks_edit_html_erb__3955415809290160555_70238486432260'


  Rendered /Users/brandimilligan/.rvm/gems/ruby-2.3.0@rails_gemset/gems/actionpack-4.2.7/lib/action_dispatch/middleware/templates/rescues/_source.erb (78.5ms)
  Rendered /Users/brandimilligan/.rvm/gems/ruby-2.3.0@rails_gemset/gems/actionpack-4.2.7/lib/action_dispatch/middleware/templates/rescues/_trace.html.erb (5.4ms)
  Rendered /Users/brandimilligan/.rvm/gems/ruby-2.3.0@rails_gemset/gems/actionpack-4.2.7/lib/action_dispatch/middleware/templates/rescues/_request_and_response.html.erb (2.3ms)
  Rendered /Users/brandimilligan/.rvm/gems/ruby-2.3.0@rails_gemset/gems/actionpack-4.2.7/lib/action_dispatch/middleware/templates/rescues/template_error.html.erb within rescues/layout (201.7ms)
  Rendered /Users/brandimilligan/.rvm/gems/ruby-2.3.0@rails_gemset/gems/web-console-2.3.0/lib/web_console/templates/_markup.html.erb (0.6ms)
  Rendered /Users/brandimilligan/.rvm/gems/ruby-2.3.0@rails_gemset/gems/web-console-2.3.0/lib/web_console/templates/_inner_console_markup.html.erb within layouts/inlined_string (0.5ms)
  Rendered /Users/brandimilligan/.rvm/gems/ruby-2.3.0@rails_gemset/gems/web-console-2.3.0/lib/web_console/templates/_prompt_box_markup.html.erb within layouts/inlined_string (1.2ms)
  Rendered /Users/brandimilligan/.rvm/gems/ruby-2.3.0@rails_gemset/gems/web-console-2.3.0/lib/web_console/templates/style.css.erb within layouts/inlined_string (3.7ms)
  Rendered /Users/brandimilligan/.rvm/gems/ruby-2.3.0@rails_gemset/gems/web-console-2.3.0/lib/web_console/templates/console.js.erb within layouts/javascript (106.8ms)
  Rendered /Users/brandimilligan/.rvm/gems/ruby-2.3.0@rails_gemset/gems/web-console-2.3.0/lib/web_console/templates/main.js.erb within layouts/javascript (0.6ms)
  Rendered /Users/brandimilligan/.rvm/gems/ruby-2.3.0@rails_gemset/gems/web-console-2.3.0/lib/web_console/templates/error_page.js.erb within layouts/javascript (1.3ms)
  Rendered /Users/brandimilligan/.rvm/gems/ruby-2.3.0@rails_gemset/gems/web-console-2.3.0/lib/web_console/templates/index.html.erb (234.9ms)


Started GET "/tasks/edit" for ::1 at 2016-09-29 09:44:45 -0700
Processing by TasksController#edit as HTML
  Rendered tasks/edit.html.erb within layouts/application (8.2ms)
Completed 500 Internal Server Error in 19ms (ActiveRecord: 0.0ms)

ActionView::Template::Error (undefined method `[]' for nil:NilClass):
     7:   <input type="hidden" name="_method" value="PUT" >
     8: 
     9:   <label for="title">Title:</label>
    10:   <input type="text" name="title" id="title" value="<%= @mytask[:title]%>">
    11: 
    12:   <label for="description">Description:</label>
    13:   <input type="text" name="description" id="description" value="<%= @mytask[:description]%>" >
  app/views/tasks/edit.html.erb:10:in `_app_views_tasks_edit_html_erb__3955415809290160555_70238487288720'


  Rendered /Users/brandimilligan/.rvm/gems/ruby-2.3.0@rails_gemset/gems/actionpack-4.2.7/lib/action_dispatch/middleware/templates/rescues/_source.erb (15.3ms)
  Rendered /Users/brandimilligan/.rvm/gems/ruby-2.3.0@rails_gemset/gems/actionpack-4.2.7/lib/action_dispatch/middleware/templates/rescues/_trace.html.erb (6.0ms)
  Rendered /Users/brandimilligan/.rvm/gems/ruby-2.3.0@rails_gemset/gems/actionpack-4.2.7/lib/action_dispatch/middleware/templates/rescues/_request_and_response.html.erb (1.6ms)
  Rendered /Users/brandimilligan/.rvm/gems/ruby-2.3.0@rails_gemset/gems/actionpack-4.2.7/lib/action_dispatch/middleware/templates/rescues/template_error.html.erb within rescues/layout (158.8ms)
  Rendered /Users/brandimilligan/.rvm/gems/ruby-2.3.0@rails_gemset/gems/web-console-2.3.0/lib/web_console/templates/_markup.html.erb (0.7ms)
  Rendered /Users/brandimilligan/.rvm/gems/ruby-2.3.0@rails_gemset/gems/web-console-2.3.0/lib/web_console/templates/_inner_console_markup.html.erb within layouts/inlined_string (0.5ms)
  Rendered /Users/brandimilligan/.rvm/gems/ruby-2.3.0@rails_gemset/gems/web-console-2.3.0/lib/web_console/templates/_prompt_box_markup.html.erb within layouts/inlined_string (0.5ms)
  Rendered /Users/brandimilligan/.rvm/gems/ruby-2.3.0@rails_gemset/gems/web-console-2.3.0/lib/web_console/templates/style.css.erb within layouts/inlined_string (0.6ms)
  Rendered /Users/brandimilligan/.rvm/gems/ruby-2.3.0@rails_gemset/gems/web-console-2.3.0/lib/web_console/templates/console.js.erb within layouts/javascript (103.9ms)
  Rendered /Users/brandimilligan/.rvm/gems/ruby-2.3.0@rails_gemset/gems/web-console-2.3.0/lib/web_console/templates/main.js.erb within layouts/javascript (0.5ms)
  Rendered /Users/brandimilligan/.rvm/gems/ruby-2.3.0@rails_gemset/gems/web-console-2.3.0/lib/web_console/templates/error_page.js.erb within layouts/javascript (0.8ms)
  Rendered /Users/brandimilligan/.rvm/gems/ruby-2.3.0@rails_gemset/gems/web-console-2.3.0/lib/web_console/templates/index.html.erb (230.6ms)


Started GET "/tasks/edit.1" for ::1 at 2016-09-29 09:44:59 -0700
Processing by TasksController#edit as 
  Rendered tasks/edit.html.erb within layouts/application (27.7ms)
Completed 500 Internal Server Error in 57ms (ActiveRecord: 0.0ms)

ActionView::Template::Error (undefined method `[]' for nil:NilClass):
     7:   <input type="hidden" name="_method" value="PUT" >
     8: 
     9:   <label for="title">Title:</label>
    10:   <input type="text" name="title" id="title" value="<%= @mytask[:title]%>">
    11: 
    12:   <label for="description">Description:</label>
    13:   <input type="text" name="description" id="description" value="<%= @mytask[:description]%>" >
  app/views/tasks/edit.html.erb:10:in `_app_views_tasks_edit_html_erb__3955415809290160555_70238487413760'


  Rendered /Users/brandimilligan/.rvm/gems/ruby-2.3.0@rails_gemset/gems/actionpack-4.2.7/lib/action_dispatch/middleware/templates/rescues/_source.erb (12.3ms)
  Rendered /Users/brandimilligan/.rvm/gems/ruby-2.3.0@rails_gemset/gems/actionpack-4.2.7/lib/action_dispatch/middleware/templates/rescues/_trace.html.erb (5.2ms)
  Rendered /Users/brandimilligan/.rvm/gems/ruby-2.3.0@rails_gemset/gems/actionpack-4.2.7/lib/action_dispatch/middleware/templates/rescues/_request_and_response.html.erb (1.4ms)
  Rendered /Users/brandimilligan/.rvm/gems/ruby-2.3.0@rails_gemset/gems/actionpack-4.2.7/lib/action_dispatch/middleware/templates/rescues/template_error.html.erb within rescues/layout (131.9ms)
  Rendered /Users/brandimilligan/.rvm/gems/ruby-2.3.0@rails_gemset/gems/web-console-2.3.0/lib/web_console/templates/_markup.html.erb (0.7ms)
  Rendered /Users/brandimilligan/.rvm/gems/ruby-2.3.0@rails_gemset/gems/web-console-2.3.0/lib/web_console/templates/_inner_console_markup.html.erb within layouts/inlined_string (0.6ms)
  Rendered /Users/brandimilligan/.rvm/gems/ruby-2.3.0@rails_gemset/gems/web-console-2.3.0/lib/web_console/templates/_prompt_box_markup.html.erb within layouts/inlined_string (0.5ms)
  Rendered /Users/brandimilligan/.rvm/gems/ruby-2.3.0@rails_gemset/gems/web-console-2.3.0/lib/web_console/templates/style.css.erb within layouts/inlined_string (0.6ms)
  Rendered /Users/brandimilligan/.rvm/gems/ruby-2.3.0@rails_gemset/gems/web-console-2.3.0/lib/web_console/templates/console.js.erb within layouts/javascript (98.0ms)
  Rendered /Users/brandimilligan/.rvm/gems/ruby-2.3.0@rails_gemset/gems/web-console-2.3.0/lib/web_console/templates/main.js.erb within layouts/javascript (0.6ms)
  Rendered /Users/brandimilligan/.rvm/gems/ruby-2.3.0@rails_gemset/gems/web-console-2.3.0/lib/web_console/templates/error_page.js.erb within layouts/javascript (0.7ms)
  Rendered /Users/brandimilligan/.rvm/gems/ruby-2.3.0@rails_gemset/gems/web-console-2.3.0/lib/web_console/templates/index.html.erb (221.8ms)


Started GET "/" for ::1 at 2016-09-29 09:45:07 -0700
Processing by TasksController#index as HTML
  Rendered tasks/index.html.erb within layouts/application (1.2ms)
Completed 200 OK in 41ms (Views: 40.7ms | ActiveRecord: 0.0ms)


Started GET "/tasks/show/1" for ::1 at 2016-09-29 09:45:10 -0700
Processing by TasksController#show as HTML
  Parameters: {"id"=>"1"}
  Rendered tasks/show.html.erb within layouts/application (0.9ms)
Completed 200 OK in 61ms (Views: 59.3ms | ActiveRecord: 0.0ms)


Started GET "/tasks/edit.1" for ::1 at 2016-09-29 09:45:12 -0700
Processing by TasksController#edit as 
  Rendered tasks/edit.html.erb within layouts/application (27.9ms)
Completed 500 Internal Server Error in 57ms (ActiveRecord: 0.0ms)

ActionView::Template::Error (undefined method `[]' for nil:NilClass):
     7:   <input type="hidden" name="_method" value="PUT" >
     8: 
     9:   <label for="title">Title:</label>
    10:   <input type="text" name="title" id="title" value="<%= @mytask[:title]%>">
    11: 
    12:   <label for="description">Description:</label>
    13:   <input type="text" name="description" id="description" value="<%= @mytask[:description]%>" >
  app/views/tasks/edit.html.erb:10:in `_app_views_tasks_edit_html_erb__3955415809290160555_70238487413760'


  Rendered /Users/brandimilligan/.rvm/gems/ruby-2.3.0@rails_gemset/gems/actionpack-4.2.7/lib/action_dispatch/middleware/templates/rescues/_source.erb (17.9ms)
  Rendered /Users/brandimilligan/.rvm/gems/ruby-2.3.0@rails_gemset/gems/actionpack-4.2.7/lib/action_dispatch/middleware/templates/rescues/_trace.html.erb (5.6ms)
  Rendered /Users/brandimilligan/.rvm/gems/ruby-2.3.0@rails_gemset/gems/actionpack-4.2.7/lib/action_dispatch/middleware/templates/rescues/_request_and_response.html.erb (1.7ms)
  Rendered /Users/brandimilligan/.rvm/gems/ruby-2.3.0@rails_gemset/gems/actionpack-4.2.7/lib/action_dispatch/middleware/templates/rescues/template_error.html.erb within rescues/layout (133.9ms)
  Rendered /Users/brandimilligan/.rvm/gems/ruby-2.3.0@rails_gemset/gems/web-console-2.3.0/lib/web_console/templates/_markup.html.erb (0.7ms)
  Rendered /Users/brandimilligan/.rvm/gems/ruby-2.3.0@rails_gemset/gems/web-console-2.3.0/lib/web_console/templates/_inner_console_markup.html.erb within layouts/inlined_string (0.6ms)
  Rendered /Users/brandimilligan/.rvm/gems/ruby-2.3.0@rails_gemset/gems/web-console-2.3.0/lib/web_console/templates/_prompt_box_markup.html.erb within layouts/inlined_string (0.5ms)
  Rendered /Users/brandimilligan/.rvm/gems/ruby-2.3.0@rails_gemset/gems/web-console-2.3.0/lib/web_console/templates/style.css.erb within layouts/inlined_string (0.6ms)
  Rendered /Users/brandimilligan/.rvm/gems/ruby-2.3.0@rails_gemset/gems/web-console-2.3.0/lib/web_console/templates/console.js.erb within layouts/javascript (110.8ms)
  Rendered /Users/brandimilligan/.rvm/gems/ruby-2.3.0@rails_gemset/gems/web-console-2.3.0/lib/web_console/templates/main.js.erb within layouts/javascript (0.5ms)
  Rendered /Users/brandimilligan/.rvm/gems/ruby-2.3.0@rails_gemset/gems/web-console-2.3.0/lib/web_console/templates/error_page.js.erb within layouts/javascript (0.8ms)
  Rendered /Users/brandimilligan/.rvm/gems/ruby-2.3.0@rails_gemset/gems/web-console-2.3.0/lib/web_console/templates/index.html.erb (240.4ms)


Started GET "/tasks/edit.1" for ::1 at 2016-09-29 09:46:44 -0700
Processing by TasksController#edit as 
  Rendered tasks/edit.html.erb within layouts/application (33.2ms)
Completed 200 OK in 448ms (Views: 438.3ms | ActiveRecord: 0.0ms)


Started GET "/assets/application.self-e80e8f2318043e8af94dddc2adad5a4f09739a8ebb323b3ab31cd71d45fd9113.css?body=1" for ::1 at 2016-09-29 09:46:44 -0700


Started GET "/assets/turbolinks.self-c5acd7a204f5f25ce7a1d8a0e4d92e28d34c9e2df2c7371cd7af88e147e4ad82.js?body=1" for ::1 at 2016-09-29 09:46:44 -0700


Started GET "/assets/jquery_ujs.self-784a997f6726036b1993eb2217c9cb558e1cbb801c6da88105588c56f13b466a.js?body=1" for ::1 at 2016-09-29 09:46:44 -0700


Started GET "/assets/jquery.self-bd7ddd393353a8d2480a622e80342adf488fb6006d667e8b42e4c0073393abee.js?body=1" for ::1 at 2016-09-29 09:46:45 -0700


Started GET "/assets/tasks.self-e3b0c44298fc1c149afbf4c8996fb92427ae41e4649b934ca495991b7852b855.css?body=1" for ::1 at 2016-09-29 09:46:45 -0700


Started GET "/assets/tasks.self-877aef30ae1b040ab8a3aba4e3e309a11d7f2612f44dde450b5c157aa5f95c05.js?body=1" for ::1 at 2016-09-29 09:46:45 -0700


Started GET "/assets/application.self-3b8dabdc891efe46b9a144b400ad69e37d7e5876bdc39dee783419a69d7ca819.js?body=1" for ::1 at 2016-09-29 09:46:46 -0700


Started GET "/assets/application.self-3b8dabdc891efe46b9a144b400ad69e37d7e5876bdc39dee783419a69d7ca819.js?body=1" for ::1 at 2016-09-29 09:46:46 -0700


Started GET "/tasks/edit.1" for ::1 at 2016-09-29 09:46:48 -0700
Processing by TasksController#edit as 
  Rendered tasks/edit.html.erb within layouts/application (0.1ms)
Completed 200 OK in 64ms (Views: 63.3ms | ActiveRecord: 0.0ms)


Started GET "/tasks/edit.1" for ::1 at 2016-09-29 09:48:38 -0700
Processing by TasksController#edit as 
  Rendered tasks/edit.html.erb within layouts/application (0.1ms)
Completed 200 OK in 133ms (Views: 131.8ms | ActiveRecord: 0.0ms)


Started GET "/assets/application.self-e80e8f2318043e8af94dddc2adad5a4f09739a8ebb323b3ab31cd71d45fd9113.css?body=1" for ::1 at 2016-09-29 09:48:38 -0700


Started GET "/assets/jquery.self-bd7ddd393353a8d2480a622e80342adf488fb6006d667e8b42e4c0073393abee.js?body=1" for ::1 at 2016-09-29 09:48:38 -0700


Started GET "/assets/application.self-3b8dabdc891efe46b9a144b400ad69e37d7e5876bdc39dee783419a69d7ca819.js?body=1" for ::1 at 2016-09-29 09:48:38 -0700


Started GET "/assets/tasks.self-877aef30ae1b040ab8a3aba4e3e309a11d7f2612f44dde450b5c157aa5f95c05.js?body=1" for ::1 at 2016-09-29 09:48:38 -0700


Started GET "/assets/turbolinks.self-c5acd7a204f5f25ce7a1d8a0e4d92e28d34c9e2df2c7371cd7af88e147e4ad82.js?body=1" for ::1 at 2016-09-29 09:48:38 -0700


Started GET "/assets/jquery_ujs.self-784a997f6726036b1993eb2217c9cb558e1cbb801c6da88105588c56f13b466a.js?body=1" for ::1 at 2016-09-29 09:48:38 -0700


Started GET "/assets/tasks.self-e3b0c44298fc1c149afbf4c8996fb92427ae41e4649b934ca495991b7852b855.css?body=1" for ::1 at 2016-09-29 09:48:38 -0700


Started GET "/tasks/show/1" for ::1 at 2016-09-29 09:48:41 -0700
Processing by TasksController#show as HTML
  Parameters: {"id"=>"1"}
  Rendered tasks/show.html.erb within layouts/application (1.3ms)
Completed 200 OK in 128ms (Views: 126.8ms | ActiveRecord: 0.0ms)


Started GET "/tasks/edit.1" for ::1 at 2016-09-29 09:48:42 -0700
Processing by TasksController#edit as 
  Rendered tasks/edit.html.erb within layouts/application (0.1ms)
Completed 200 OK in 59ms (Views: 58.1ms | ActiveRecord: 0.0ms)


Started GET "/tasks/edit.1" for ::1 at 2016-09-29 09:49:57 -0700
Processing by TasksController#edit as 
  Rendered tasks/edit.html.erb within layouts/application (43.6ms)
Completed 500 Internal Server Error in 84ms (ActiveRecord: 0.0ms)

ActionView::Template::Error (undefined method `[]' for nil:NilClass):
    4:  <input type="hidden" name="_method" value="PUT" >
    5: 
    6:  <label for="title">Title:</label>
    7:  <input type="text" name="title" id="title" value="<%= @mytask[:title]%>">
    8: 
    9:  <label for="description">Description:</label>
   10:  <input type="text" name="description" id="description" value="<%= @mytask[:description]%>" >
  app/views/tasks/edit.html.erb:7:in `_app_views_tasks_edit_html_erb__3955415809290160555_70238454075780'


  Rendered /Users/brandimilligan/.rvm/gems/ruby-2.3.0@rails_gemset/gems/actionpack-4.2.7/lib/action_dispatch/middleware/templates/rescues/_source.erb (11.8ms)
  Rendered /Users/brandimilligan/.rvm/gems/ruby-2.3.0@rails_gemset/gems/actionpack-4.2.7/lib/action_dispatch/middleware/templates/rescues/_trace.html.erb (5.2ms)
  Rendered /Users/brandimilligan/.rvm/gems/ruby-2.3.0@rails_gemset/gems/actionpack-4.2.7/lib/action_dispatch/middleware/templates/rescues/_request_and_response.html.erb (1.6ms)
  Rendered /Users/brandimilligan/.rvm/gems/ruby-2.3.0@rails_gemset/gems/actionpack-4.2.7/lib/action_dispatch/middleware/templates/rescues/template_error.html.erb within rescues/layout (131.7ms)
  Rendered /Users/brandimilligan/.rvm/gems/ruby-2.3.0@rails_gemset/gems/web-console-2.3.0/lib/web_console/templates/_markup.html.erb (0.7ms)
  Rendered /Users/brandimilligan/.rvm/gems/ruby-2.3.0@rails_gemset/gems/web-console-2.3.0/lib/web_console/templates/_inner_console_markup.html.erb within layouts/inlined_string (0.6ms)
  Rendered /Users/brandimilligan/.rvm/gems/ruby-2.3.0@rails_gemset/gems/web-console-2.3.0/lib/web_console/templates/_prompt_box_markup.html.erb within layouts/inlined_string (0.7ms)
  Rendered /Users/brandimilligan/.rvm/gems/ruby-2.3.0@rails_gemset/gems/web-console-2.3.0/lib/web_console/templates/style.css.erb within layouts/inlined_string (0.5ms)
  Rendered /Users/brandimilligan/.rvm/gems/ruby-2.3.0@rails_gemset/gems/web-console-2.3.0/lib/web_console/templates/console.js.erb within layouts/javascript (114.1ms)
  Rendered /Users/brandimilligan/.rvm/gems/ruby-2.3.0@rails_gemset/gems/web-console-2.3.0/lib/web_console/templates/main.js.erb within layouts/javascript (0.7ms)
  Rendered /Users/brandimilligan/.rvm/gems/ruby-2.3.0@rails_gemset/gems/web-console-2.3.0/lib/web_console/templates/error_page.js.erb within layouts/javascript (0.9ms)
  Rendered /Users/brandimilligan/.rvm/gems/ruby-2.3.0@rails_gemset/gems/web-console-2.3.0/lib/web_console/templates/index.html.erb (246.8ms)


Started GET "/tasks/edit.1" for ::1 at 2016-09-29 09:51:25 -0700
Processing by TasksController#edit as 
  Rendered tasks/edit.html.erb within layouts/application (0.6ms)
Completed 200 OK in 112ms (Views: 110.5ms | ActiveRecord: 0.0ms)


Started GET "/assets/application.self-e80e8f2318043e8af94dddc2adad5a4f09739a8ebb323b3ab31cd71d45fd9113.css?body=1" for ::1 at 2016-09-29 09:51:25 -0700


Started GET "/assets/turbolinks.self-c5acd7a204f5f25ce7a1d8a0e4d92e28d34c9e2df2c7371cd7af88e147e4ad82.js?body=1" for ::1 at 2016-09-29 09:51:25 -0700


Started GET "/assets/tasks.self-877aef30ae1b040ab8a3aba4e3e309a11d7f2612f44dde450b5c157aa5f95c05.js?body=1" for ::1 at 2016-09-29 09:51:25 -0700


Started GET "/assets/application.self-3b8dabdc891efe46b9a144b400ad69e37d7e5876bdc39dee783419a69d7ca819.js?body=1" for ::1 at 2016-09-29 09:51:25 -0700


Started GET "/assets/jquery.self-bd7ddd393353a8d2480a622e80342adf488fb6006d667e8b42e4c0073393abee.js?body=1" for ::1 at 2016-09-29 09:51:25 -0700


Started GET "/assets/jquery_ujs.self-784a997f6726036b1993eb2217c9cb558e1cbb801c6da88105588c56f13b466a.js?body=1" for ::1 at 2016-09-29 09:51:25 -0700


Started GET "/assets/tasks.self-e3b0c44298fc1c149afbf4c8996fb92427ae41e4649b934ca495991b7852b855.css?body=1" for ::1 at 2016-09-29 09:51:25 -0700


Started GET "/tasks/edit.1" for ::1 at 2016-09-29 09:52:21 -0700

ActionController::RoutingError (No route matches [GET] "/tasks/edit.1"):
  actionpack (4.2.7) lib/action_dispatch/middleware/debug_exceptions.rb:21:in `call'
  web-console (2.3.0) lib/web_console/middleware.rb:28:in `block in call'
  web-console (2.3.0) lib/web_console/middleware.rb:18:in `catch'
  web-console (2.3.0) lib/web_console/middleware.rb:18:in `call'
  actionpack (4.2.7) lib/action_dispatch/middleware/show_exceptions.rb:30:in `call'
  railties (4.2.7) lib/rails/rack/logger.rb:38:in `call_app'
  railties (4.2.7) lib/rails/rack/logger.rb:20:in `block in call'
  activesupport (4.2.7) lib/active_support/tagged_logging.rb:68:in `block in tagged'
  activesupport (4.2.7) lib/active_support/tagged_logging.rb:26:in `tagged'
  activesupport (4.2.7) lib/active_support/tagged_logging.rb:68:in `tagged'
  railties (4.2.7) lib/rails/rack/logger.rb:20:in `call'
  actionpack (4.2.7) lib/action_dispatch/middleware/request_id.rb:21:in `call'
  rack (1.6.4) lib/rack/methodoverride.rb:22:in `call'
  rack (1.6.4) lib/rack/runtime.rb:18:in `call'
  activesupport (4.2.7) lib/active_support/cache/strategy/local_cache_middleware.rb:28:in `call'
  rack (1.6.4) lib/rack/lock.rb:17:in `call'
  actionpack (4.2.7) lib/action_dispatch/middleware/static.rb:120:in `call'
  rack (1.6.4) lib/rack/sendfile.rb:113:in `call'
  railties (4.2.7) lib/rails/engine.rb:518:in `call'
  railties (4.2.7) lib/rails/application.rb:165:in `call'
  rack (1.6.4) lib/rack/lock.rb:17:in `call'
  rack (1.6.4) lib/rack/content_length.rb:15:in `call'
  rack (1.6.4) lib/rack/handler/webrick.rb:88:in `service'
  /Users/brandimilligan/.rvm/rubies/ruby-2.3.0/lib/ruby/2.3.0/webrick/httpserver.rb:140:in `service'
  /Users/brandimilligan/.rvm/rubies/ruby-2.3.0/lib/ruby/2.3.0/webrick/httpserver.rb:96:in `run'
  /Users/brandimilligan/.rvm/rubies/ruby-2.3.0/lib/ruby/2.3.0/webrick/server.rb:296:in `block in start_thread'


  Rendered /Users/brandimilligan/.rvm/gems/ruby-2.3.0@rails_gemset/gems/actionpack-4.2.7/lib/action_dispatch/middleware/templates/rescues/_trace.html.erb (3.1ms)
  Rendered /Users/brandimilligan/.rvm/gems/ruby-2.3.0@rails_gemset/gems/actionpack-4.2.7/lib/action_dispatch/middleware/templates/routes/_route.html.erb (2.1ms)
  Rendered /Users/brandimilligan/.rvm/gems/ruby-2.3.0@rails_gemset/gems/actionpack-4.2.7/lib/action_dispatch/middleware/templates/routes/_table.html.erb (2.9ms)
  Rendered /Users/brandimilligan/.rvm/gems/ruby-2.3.0@rails_gemset/gems/actionpack-4.2.7/lib/action_dispatch/middleware/templates/rescues/_request_and_response.html.erb (2.4ms)
  Rendered /Users/brandimilligan/.rvm/gems/ruby-2.3.0@rails_gemset/gems/actionpack-4.2.7/lib/action_dispatch/middleware/templates/rescues/routing_error.html.erb within rescues/layout (156.1ms)
  Rendered /Users/brandimilligan/.rvm/gems/ruby-2.3.0@rails_gemset/gems/web-console-2.3.0/lib/web_console/templates/_markup.html.erb (0.7ms)
  Rendered /Users/brandimilligan/.rvm/gems/ruby-2.3.0@rails_gemset/gems/web-console-2.3.0/lib/web_console/templates/_inner_console_markup.html.erb within layouts/inlined_string (0.6ms)
  Rendered /Users/brandimilligan/.rvm/gems/ruby-2.3.0@rails_gemset/gems/web-console-2.3.0/lib/web_console/templates/_prompt_box_markup.html.erb within layouts/inlined_string (0.5ms)
  Rendered /Users/brandimilligan/.rvm/gems/ruby-2.3.0@rails_gemset/gems/web-console-2.3.0/lib/web_console/templates/style.css.erb within layouts/inlined_string (0.6ms)
  Rendered /Users/brandimilligan/.rvm/gems/ruby-2.3.0@rails_gemset/gems/web-console-2.3.0/lib/web_console/templates/console.js.erb within layouts/javascript (99.6ms)
  Rendered /Users/brandimilligan/.rvm/gems/ruby-2.3.0@rails_gemset/gems/web-console-2.3.0/lib/web_console/templates/main.js.erb within layouts/javascript (0.7ms)
  Rendered /Users/brandimilligan/.rvm/gems/ruby-2.3.0@rails_gemset/gems/web-console-2.3.0/lib/web_console/templates/error_page.js.erb within layouts/javascript (0.9ms)
  Rendered /Users/brandimilligan/.rvm/gems/ruby-2.3.0@rails_gemset/gems/web-console-2.3.0/lib/web_console/templates/index.html.erb (226.5ms)


Started GET "/" for ::1 at 2016-09-29 16:42:00 -0700
Processing by TasksController#index as HTML
Completed 500 Internal Server Error in 25ms (ActiveRecord: 0.0ms)

NameError (uninitialized constant TasksController::Tasks):
  app/controllers/tasks_controller.rb:4:in `index'


  Rendered /Users/brandimilligan/.rvm/gems/ruby-2.3.0@rails_gemset/gems/actionpack-4.2.7/lib/action_dispatch/middleware/templates/rescues/_source.erb (8.3ms)
  Rendered /Users/brandimilligan/.rvm/gems/ruby-2.3.0@rails_gemset/gems/actionpack-4.2.7/lib/action_dispatch/middleware/templates/rescues/_trace.html.erb (10.8ms)
  Rendered /Users/brandimilligan/.rvm/gems/ruby-2.3.0@rails_gemset/gems/actionpack-4.2.7/lib/action_dispatch/middleware/templates/rescues/_request_and_response.html.erb (1.6ms)
  Rendered /Users/brandimilligan/.rvm/gems/ruby-2.3.0@rails_gemset/gems/actionpack-4.2.7/lib/action_dispatch/middleware/templates/rescues/diagnostics.html.erb within rescues/layout (135.5ms)
  Rendered /Users/brandimilligan/.rvm/gems/ruby-2.3.0@rails_gemset/gems/web-console-2.3.0/lib/web_console/templates/_markup.html.erb (0.7ms)
  Rendered /Users/brandimilligan/.rvm/gems/ruby-2.3.0@rails_gemset/gems/web-console-2.3.0/lib/web_console/templates/_inner_console_markup.html.erb within layouts/inlined_string (0.6ms)
  Rendered /Users/brandimilligan/.rvm/gems/ruby-2.3.0@rails_gemset/gems/web-console-2.3.0/lib/web_console/templates/_prompt_box_markup.html.erb within layouts/inlined_string (0.5ms)
  Rendered /Users/brandimilligan/.rvm/gems/ruby-2.3.0@rails_gemset/gems/web-console-2.3.0/lib/web_console/templates/style.css.erb within layouts/inlined_string (0.6ms)
  Rendered /Users/brandimilligan/.rvm/gems/ruby-2.3.0@rails_gemset/gems/web-console-2.3.0/lib/web_console/templates/console.js.erb within layouts/javascript (116.0ms)
  Rendered /Users/brandimilligan/.rvm/gems/ruby-2.3.0@rails_gemset/gems/web-console-2.3.0/lib/web_console/templates/main.js.erb within layouts/javascript (0.5ms)
  Rendered /Users/brandimilligan/.rvm/gems/ruby-2.3.0@rails_gemset/gems/web-console-2.3.0/lib/web_console/templates/error_page.js.erb within layouts/javascript (0.6ms)
  Rendered /Users/brandimilligan/.rvm/gems/ruby-2.3.0@rails_gemset/gems/web-console-2.3.0/lib/web_console/templates/index.html.erb (250.3ms)


Started GET "/" for ::1 at 2016-09-29 16:42:01 -0700
Processing by TasksController#index as HTML
Completed 500 Internal Server Error in 4ms (ActiveRecord: 0.0ms)

NameError (uninitialized constant TasksController::Tasks):
  app/controllers/tasks_controller.rb:4:in `index'


  Rendered /Users/brandimilligan/.rvm/gems/ruby-2.3.0@rails_gemset/gems/actionpack-4.2.7/lib/action_dispatch/middleware/templates/rescues/_source.erb (9.0ms)
  Rendered /Users/brandimilligan/.rvm/gems/ruby-2.3.0@rails_gemset/gems/actionpack-4.2.7/lib/action_dispatch/middleware/templates/rescues/_trace.html.erb (3.6ms)
  Rendered /Users/brandimilligan/.rvm/gems/ruby-2.3.0@rails_gemset/gems/actionpack-4.2.7/lib/action_dispatch/middleware/templates/rescues/_request_and_response.html.erb (1.5ms)
  Rendered /Users/brandimilligan/.rvm/gems/ruby-2.3.0@rails_gemset/gems/actionpack-4.2.7/lib/action_dispatch/middleware/templates/rescues/diagnostics.html.erb within rescues/layout (117.5ms)
  Rendered /Users/brandimilligan/.rvm/gems/ruby-2.3.0@rails_gemset/gems/web-console-2.3.0/lib/web_console/templates/_markup.html.erb (0.7ms)
  Rendered /Users/brandimilligan/.rvm/gems/ruby-2.3.0@rails_gemset/gems/web-console-2.3.0/lib/web_console/templates/_inner_console_markup.html.erb within layouts/inlined_string (0.5ms)
  Rendered /Users/brandimilligan/.rvm/gems/ruby-2.3.0@rails_gemset/gems/web-console-2.3.0/lib/web_console/templates/_prompt_box_markup.html.erb within layouts/inlined_string (0.6ms)
  Rendered /Users/brandimilligan/.rvm/gems/ruby-2.3.0@rails_gemset/gems/web-console-2.3.0/lib/web_console/templates/style.css.erb within layouts/inlined_string (0.6ms)
  Rendered /Users/brandimilligan/.rvm/gems/ruby-2.3.0@rails_gemset/gems/web-console-2.3.0/lib/web_console/templates/console.js.erb within layouts/javascript (106.9ms)
  Rendered /Users/brandimilligan/.rvm/gems/ruby-2.3.0@rails_gemset/gems/web-console-2.3.0/lib/web_console/templates/main.js.erb within layouts/javascript (0.8ms)
  Rendered /Users/brandimilligan/.rvm/gems/ruby-2.3.0@rails_gemset/gems/web-console-2.3.0/lib/web_console/templates/error_page.js.erb within layouts/javascript (0.8ms)
  Rendered /Users/brandimilligan/.rvm/gems/ruby-2.3.0@rails_gemset/gems/web-console-2.3.0/lib/web_console/templates/index.html.erb (237.7ms)


Started GET "/" for ::1 at 2016-09-29 16:43:13 -0700
Processing by TasksController#index as HTML
Completed 500 Internal Server Error in 8ms (ActiveRecord: 0.0ms)

NameError (uninitialized constant TasksController::Tasks):
  app/controllers/tasks_controller.rb:4:in `index'


  Rendered /Users/brandimilligan/.rvm/gems/ruby-2.3.0@rails_gemset/gems/actionpack-4.2.7/lib/action_dispatch/middleware/templates/rescues/_source.erb (8.0ms)
  Rendered /Users/brandimilligan/.rvm/gems/ruby-2.3.0@rails_gemset/gems/actionpack-4.2.7/lib/action_dispatch/middleware/templates/rescues/_trace.html.erb (4.4ms)
  Rendered /Users/brandimilligan/.rvm/gems/ruby-2.3.0@rails_gemset/gems/actionpack-4.2.7/lib/action_dispatch/middleware/templates/rescues/_request_and_response.html.erb (1.9ms)
  Rendered /Users/brandimilligan/.rvm/gems/ruby-2.3.0@rails_gemset/gems/actionpack-4.2.7/lib/action_dispatch/middleware/templates/rescues/diagnostics.html.erb within rescues/layout (124.6ms)
  Rendered /Users/brandimilligan/.rvm/gems/ruby-2.3.0@rails_gemset/gems/web-console-2.3.0/lib/web_console/templates/_markup.html.erb (0.7ms)
  Rendered /Users/brandimilligan/.rvm/gems/ruby-2.3.0@rails_gemset/gems/web-console-2.3.0/lib/web_console/templates/_inner_console_markup.html.erb within layouts/inlined_string (0.9ms)
  Rendered /Users/brandimilligan/.rvm/gems/ruby-2.3.0@rails_gemset/gems/web-console-2.3.0/lib/web_console/templates/_prompt_box_markup.html.erb within layouts/inlined_string (0.6ms)
  Rendered /Users/brandimilligan/.rvm/gems/ruby-2.3.0@rails_gemset/gems/web-console-2.3.0/lib/web_console/templates/style.css.erb within layouts/inlined_string (0.7ms)
  Rendered /Users/brandimilligan/.rvm/gems/ruby-2.3.0@rails_gemset/gems/web-console-2.3.0/lib/web_console/templates/console.js.erb within layouts/javascript (148.6ms)
  Rendered /Users/brandimilligan/.rvm/gems/ruby-2.3.0@rails_gemset/gems/web-console-2.3.0/lib/web_console/templates/main.js.erb within layouts/javascript (0.6ms)
  Rendered /Users/brandimilligan/.rvm/gems/ruby-2.3.0@rails_gemset/gems/web-console-2.3.0/lib/web_console/templates/error_page.js.erb within layouts/javascript (0.7ms)
  Rendered /Users/brandimilligan/.rvm/gems/ruby-2.3.0@rails_gemset/gems/web-console-2.3.0/lib/web_console/templates/index.html.erb (286.9ms)
